#
# There is insufficient memory for the Java Runtime Environment to continue.
# Native memory allocation (mmap) failed to map 67108864 bytes for G1 virtual space
# Possible reasons:
#   The system is out of physical RAM or swap space
#   The process is running with CompressedOops enabled, and the Java Heap may be blocking the growth of the native heap
# Possible solutions:
#   Reduce memory load on the system
#   Increase physical memory or swap space
#   Check if swap backing store is full
#   Decrease Java heap size (-Xmx/-Xms)
#   Decrease number of Java threads
#   Decrease Java thread stack sizes (-Xss)
#   Set larger code cache with -XX:ReservedCodeCacheSize=
#   JVM is running with Unscaled Compressed Oops mode in which the Java heap is
#     placed in the first 4GB address space. The Java Heap base address is the
#     maximum limit for the native heap growth. Please use -XX:HeapBaseMinAddress
#     to set the Java Heap base and to place the Java Heap above 4GB virtual address.
# This output file may be truncated or incomplete.
#
#  Out of Memory Error (os_windows.cpp:3760), pid=28296, tid=28308
#
# JRE version:  (17.0.5+1) (build )
# Java VM: OpenJDK 64-Bit Server VM (17.0.5+1-b653.25, mixed mode, sharing, tiered, compressed oops, compressed class ptrs, g1 gc, windows-amd64)
# No core dump will be written. Minidumps are not enabled by default on client versions of Windows
#

---------------  S U M M A R Y ------------

Command Line: git4idea.http.GitAskPassApp Username for 'https://github.com': 

Host: Intel(R) Celeron(R) CPU  J3060  @ 1.60GHz, 2 cores, 3G,  Windows 10 , 64 bit Build 17134 (10.0.17134.753)
Time: Sun Sep 24 18:39:44 2023 RTZ 2 (зима) elapsed time: 0.088784 seconds (0d 0h 0m 0s)

---------------  T H R E A D  ---------------

Current thread (0x0000021fa4d3a2e0):  JavaThread "Unknown thread" [_thread_in_vm, id=28308, stack(0x0000007bdf100000,0x0000007bdf200000)]

Stack: [0x0000007bdf100000,0x0000007bdf200000]
Native frames: (J=compiled Java code, j=interpreted, Vv=VM code, C=native code)
V  [jvm.dll+0x6830ca]
V  [jvm.dll+0x83f4c4]
V  [jvm.dll+0x840c6e]
V  [jvm.dll+0x8412d3]
V  [jvm.dll+0x2490b5]
V  [jvm.dll+0x67ff99]
V  [jvm.dll+0x6744aa]
V  [jvm.dll+0x308f2b]
V  [jvm.dll+0x3103e6]
V  [jvm.dll+0x36013e]
V  [jvm.dll+0x36036f]
V  [jvm.dll+0x2df018]
V  [jvm.dll+0x2dff84]
V  [jvm.dll+0x810d91]
V  [jvm.dll+0x36df31]
V  [jvm.dll+0x7f028c]
V  [jvm.dll+0x3f0cbf]
V  [jvm.dll+0x3f2801]
C  [jli.dll+0x526b]
C  [ucrtbase.dll+0x1e3fe]
C  [KERNEL32.DLL+0x14034]
C  [ntdll.dll+0x73691]


---------------  P R O C E S S  ---------------

Threads class SMR info:
_java_thread_list=0x00007ffe87368f98, length=0, elements={
}

Java Threads: ( => current thread )

Other Threads:
  0x0000021fa4d772f0 GCTaskThread "GC Thread#0" [stack: 0x0000007bdf200000,0x0000007bdf300000] [id=28940]
  0x0000021fa4d7fe90 ConcurrentGCThread "G1 Main Marker" [stack: 0x0000007bdf300000,0x0000007bdf400000] [id=25216]
  0x0000021fa4d817e0 ConcurrentGCThread "G1 Conc#0" [stack: 0x0000007bdf400000,0x0000007bdf500000] [id=30500]

[error occurred during error reporting (printing all threads), id 0xc0000005, EXCEPTION_ACCESS_VIOLATION (0xc0000005) at pc=0x00007ffe86b1fbd7]

VM state: not at safepoint (not fully initialized)

VM Mutex/Monitor currently owned by a thread:  ([mutex/lock_event])
[0x0000021fa2c5cea0] Heap_lock - owner thread: 0x0000021fa4d3a2e0

Heap address: 0x00000000c1600000, size: 1002 MB, Compressed Oops mode: 32-bit

CDS archive(s) mapped at: [0x0000000000000000-0x0000000000000000-0x0000000000000000), size 0, SharedBaseAddress: 0x0000000800000000, ArchiveRelocationMode: 0.
Narrow klass base: 0x0000000000000000, Narrow klass shift: 0, Narrow klass range: 0x0

GC Precious Log:
<Empty>

Heap:
 garbage-first heap   total 0K, used 0K [0x00000000c1600000, 0x0000000100000000)
  region size 1024K, 0 young (0K), 0 survivors (0K)

[error occurred during error reporting (printing heap information), id 0xc0000005, EXCEPTION_ACCESS_VIOLATION (0xc0000005) at pc=0x00007ffe86f0cd59]

GC Heap History (0 events):
No events

Dll operation events (1 events):
Event: 0.028 Loaded shared library C:\Program Files\JetBrains\PyCharm Community Edition 2022.3.2\jbr\bin\java.dll

Deoptimization events (0 events):
No events

Classes unloaded (0 events):
No events

Classes redefined (0 events):
No events

Internal exceptions (0 events):
No events

VM Operations (0 events):
No events

Events (0 events):
No events


Dynamic libraries:
0x00007ff7f0f70000 - 0x00007ff7f0f7a000 	C:\Program Files\JetBrains\PyCharm Community Edition 2022.3.2\jbr\bin\java.exe
0x00007ffebfa70000 - 0x00007ffebfc51000 	C:\Windows\SYSTEM32\ntdll.dll
0x00007ffebf110000 - 0x00007ffebf1c1000 	C:\Windows\System32\KERNEL32.DLL
0x00007ffebcac0000 - 0x00007ffebcd33000 	C:\Windows\System32\KERNELBASE.dll
0x00007ffebcd40000 - 0x00007ffebce38000 	C:\Windows\System32\ucrtbase.dll
0x00007ffeb5060000 - 0x00007ffeb507b000 	C:\Program Files\JetBrains\PyCharm Community Edition 2022.3.2\jbr\bin\VCRUNTIME140.dll
0x00007ffeb2f90000 - 0x00007ffeb2fa7000 	C:\Program Files\JetBrains\PyCharm Community Edition 2022.3.2\jbr\bin\jli.dll
0x00007ffebf1d0000 - 0x00007ffebf360000 	C:\Windows\System32\USER32.dll
0x00007ffebbe90000 - 0x00007ffebbeb0000 	C:\Windows\System32\win32u.dll
0x00007ffebf560000 - 0x00007ffebf588000 	C:\Windows\System32\GDI32.dll
0x00007ffebc020000 - 0x00007ffebc1b1000 	C:\Windows\System32\gdi32full.dll
0x00007ffeb50f0000 - 0x00007ffeb5359000 	C:\Windows\WinSxS\amd64_microsoft.windows.common-controls_6595b64144ccf1df_6.0.17134.1246_none_d3ffb9d77c90723d\COMCTL32.dll
0x00007ffebbf00000 - 0x00007ffebbf9f000 	C:\Windows\System32\msvcp_win.dll
0x00007ffebd220000 - 0x00007ffebd2be000 	C:\Windows\System32\msvcrt.dll
0x00007ffebf5a0000 - 0x00007ffebf8c1000 	C:\Windows\System32\combase.dll
0x00007ffebee60000 - 0x00007ffebef84000 	C:\Windows\System32\RPCRT4.dll
0x00007ffebbfa0000 - 0x00007ffebc019000 	C:\Windows\System32\bcryptPrimitives.dll
0x00007ffebd2c0000 - 0x00007ffebd2ed000 	C:\Windows\System32\IMM32.DLL
0x0000000059840000 - 0x000000005984c000 	C:\Program Files (x86)\360\Total Security\safemon\SafeWrapper.dll
0x00007ffebcef0000 - 0x00007ffebcf91000 	C:\Windows\System32\ADVAPI32.dll
0x00007ffebd4b0000 - 0x00007ffebd50b000 	C:\Windows\System32\sechost.dll
0x00007ffe94d50000 - 0x00007ffe94de2000 	C:\Program Files (x86)\360\Total Security\safemon\libzdtp64.dll
0x00007ffebda10000 - 0x00007ffebee55000 	C:\Windows\System32\SHELL32.dll
0x00007ffebbeb0000 - 0x00007ffebbef9000 	C:\Windows\System32\cfgmgr32.dll
0x00007ffebd080000 - 0x00007ffebd129000 	C:\Windows\System32\shcore.dll
0x00007ffebc3b0000 - 0x00007ffebcac0000 	C:\Windows\System32\windows.storage.dll
0x00007ffebf500000 - 0x00007ffebf551000 	C:\Windows\System32\shlwapi.dll
0x00007ffebbdf0000 - 0x00007ffebbe01000 	C:\Windows\System32\kernel.appcore.dll
0x00007ffebbe10000 - 0x00007ffebbe2f000 	C:\Windows\System32\profapi.dll
0x00007ffebbda0000 - 0x00007ffebbdec000 	C:\Windows\System32\powrprof.dll
0x00007ffebbd70000 - 0x00007ffebbd7a000 	C:\Windows\System32\FLTLIB.DLL
0x00007ffebbb20000 - 0x00007ffebbb2a000 	C:\Windows\SYSTEM32\VERSION.dll
0x00007ffeb5020000 - 0x00007ffeb502c000 	C:\Program Files\JetBrains\PyCharm Community Edition 2022.3.2\jbr\bin\vcruntime140_1.dll
0x00007ffe948c0000 - 0x00007ffe9494d000 	C:\Program Files\JetBrains\PyCharm Community Edition 2022.3.2\jbr\bin\msvcp140.dll
0x00007ffe86830000 - 0x00007ffe8749b000 	C:\Program Files\JetBrains\PyCharm Community Edition 2022.3.2\jbr\bin\server\jvm.dll
0x00007ffeb9f80000 - 0x00007ffeb9fa3000 	C:\Windows\SYSTEM32\WINMM.dll
0x00007ffeb6e90000 - 0x00007ffeb6e99000 	C:\Windows\SYSTEM32\WSOCK32.dll
0x00007ffebf9d0000 - 0x00007ffebfa3c000 	C:\Windows\System32\WS2_32.dll
0x00007ffeb9f50000 - 0x00007ffeb9f7a000 	C:\Windows\SYSTEM32\WINMMBASE.dll
0x00007ffeb5010000 - 0x00007ffeb501a000 	C:\Program Files\JetBrains\PyCharm Community Edition 2022.3.2\jbr\bin\jimage.dll
0x00007ffeb4230000 - 0x00007ffeb43f9000 	C:\Windows\SYSTEM32\DBGHELP.DLL
0x00007ffeb4200000 - 0x00007ffeb4229000 	C:\Windows\SYSTEM32\dbgcore.DLL
0x00007ffeb4fe0000 - 0x00007ffeb5005000 	C:\Program Files\JetBrains\PyCharm Community Edition 2022.3.2\jbr\bin\java.dll

dbghelp: loaded successfully - version: 4.0.5 - missing functions: none
symbol engine: initialized successfully - sym options: 0x614 - pdb path: .;C:\Program Files\JetBrains\PyCharm Community Edition 2022.3.2\jbr\bin;C:\Windows\SYSTEM32;C:\Windows\WinSxS\amd64_microsoft.windows.common-controls_6595b64144ccf1df_6.0.17134.1246_none_d3ffb9d77c90723d;C:\Program Files (x86)\360\Total Security\safemon;C:\Program Files\JetBrains\PyCharm Community Edition 2022.3.2\jbr\bin\server

VM Arguments:
java_command: git4idea.http.GitAskPassApp Username for 'https://github.com': 
java_class_path (initial): C:/Program Files/JetBrains/PyCharm Community Edition 2022.3.2/plugins/vcs-git/lib/git4idea-rt.jar;C:/Program Files/JetBrains/PyCharm Community Edition 2022.3.2/lib/externalProcess-rt.jar;C:/Program Files/JetBrains/PyCharm Community Edition 2022.3.2/lib/app.jar;C:/Program Files/JetBrains/PyCharm Community Edition 2022.3.2/lib/3rd-party-rt.jar
Launcher Type: SUN_STANDARD

[Global flags]
     intx CICompilerCount                          = 2                                         {product} {ergonomic}
     uint ConcGCThreads                            = 1                                         {product} {ergonomic}
     uint G1ConcRefinementThreads                  = 2                                         {product} {ergonomic}
   size_t G1HeapRegionSize                         = 1048576                                   {product} {ergonomic}
    uintx GCDrainStackTargetSize                   = 64                                        {product} {ergonomic}
   size_t InitialHeapSize                          = 67108864                                  {product} {ergonomic}
   size_t MarkStackSize                            = 4194304                                   {product} {ergonomic}
   size_t MaxHeapSize                              = 1050673152                                {product} {ergonomic}
   size_t MinHeapDeltaBytes                        = 1048576                                   {product} {ergonomic}
   size_t MinHeapSize                              = 8388608                                   {product} {ergonomic}
    uintx NonNMethodCodeHeapSize                   = 5826188                                {pd product} {ergonomic}
    uintx NonProfiledCodeHeapSize                  = 122916026                              {pd product} {ergonomic}
    uintx ProfiledCodeHeapSize                     = 122916026                              {pd product} {ergonomic}
    uintx ReservedCodeCacheSize                    = 251658240                              {pd product} {ergonomic}
     bool SegmentedCodeCache                       = true                                      {product} {ergonomic}
   size_t SoftMaxHeapSize                          = 1050673152                             {manageable} {ergonomic}
     bool UseCompressedClassPointers               = true                           {product lp64_product} {ergonomic}
     bool UseCompressedOops                        = true                           {product lp64_product} {ergonomic}
     bool UseG1GC                                  = true                                      {product} {ergonomic}
     bool UseLargePagesIndividualAllocation        = false                                  {pd product} {ergonomic}

Logging:
Log output configuration:
 #0: stdout all=warning uptime,level,tags
 #1: stderr all=off uptime,level,tags

Environment Variables:
PATH=C:\Program Files\Git\mingw64\libexec\git-core;C:\Program Files\Git\mingw64\libexec\git-core;C:\Program Files\Git\mingw64\bin;C:\Program Files\Git\usr\bin;C:\Users\Пользователь\bin;C:\Windows\system32;C:\Windows;C:\Windows\System32\Wbem;C:\Windows\System32\WindowsPowerShell\v1.0;C:\Windows\System32\OpenSSH;C:\Program Files\Git\cmd;C:\Users\Пользователь\AppData\Local\Programs\Python\Python38\Scripts;C:\Users\Пользователь\AppData\Local\Programs\Python\Python38;C:\Users\Пользователь\AppData\Local\Microsoft\WindowsApps;C:\Program Files\JetBrains\PyCharm Community Edition 2022.3.2\bin;C:\Users\Пользователь\AppData\Local\GitHubDesktop\bin
USERNAME=Пользователь
DISPLAY=:0.0
LC_ALL=en_US.UTF-8
TERM=xterm-256color
TMPDIR=C:\Users\73B5~1\AppData\Local\Temp
OS=Windows_NT
PROCESSOR_IDENTIFIER=Intel64 Family 6 Model 76 Stepping 4, GenuineIntel
TMP=C:\Users\73B5~1\AppData\Local\Temp
TEMP=C:\Users\73B5~1\AppData\Local\Temp



---------------  S Y S T E M  ---------------

OS:
 Windows 10 , 64 bit Build 17134 (10.0.17134.753)
OS uptime: 4 days 1:05 hours

CPU: total 2 (initial active 2) (2 cores per cpu, 1 threads per core) family 6 model 76 stepping 4 microcode 0x410, cx8, cmov, fxsr, mmx, 3dnowpref, sse, sse2, sse3, ssse3, sse4.1, sse4.2, popcnt, tsc, tscinvbit, aes, erms, clmul, clflush

Memory: 4k page, system-wide physical 4006M (329M free)
TotalPageFile size 6286M (AvailPageFile size 50M)
current process WorkingSet (physical memory assigned to process): 11M, peak: 11M
current process commit charge ("private bytes"): 48M, peak: 112M

vm_info: OpenJDK 64-Bit Server VM (17.0.5+1-b653.25) for windows-amd64 JRE (17.0.5+1-b653.25), built on 2023-01-04 by "builduser" with MS VC++ 16.10 / 16.11 (VS2019)

END.
